[www.immoricon.com/index.html]
[backblue.gif]
[fade.gif]
[index.html]
[www.immoricon.com/themes/immoricon/assets/images/home/slide-1.jpg]
[www.immoricon.com/themes/immoricon/assets/images/favicon.png]
[cdn.jsdelivr.net/npm/bootstrap@5.0.0-beta1/dist/css/bootstrap.min.css]
[maxst.icons8.com/vue-static/landings/line-awesome/line-awesome/1.3.0/css/line-awesome.min.css]
[cdnjs.cloudflare.com/ajax/libs/animate.css/4.1.1/animate.min.css]
[www.immoricon.com/combine/1d01ece5cb6c0e55f9d3761f4a01c8fd-1630702972.css]
[www.immoricon.com/plugins/martin/forms/assets/css/uploader.css]
[cdn.jsdelivr.net/npm/slick-carousel@1.8.1/slick/slick.css]
[www.immoricon.com/themes/immoricon/assets/images/logo/logo-white-blue.png]
[www.immoricon.com/themes/immoricon/assets/images/logo/logo-black-blue.png]
[www.immoricon.com/about-us.html]
[www.immoricon.com/services.html]
[www.immoricon.com/news.html]
[www.immoricon.com/contact.html]
[www.immoricon.com/storage/app/media/slider/homepage/slide-1.jpg]
[www.immoricon.com/storage/app/media/icons/worldwide.png]
[www.immoricon.com/storage/app/media/icons/networking.png]
[www.immoricon.com/storage/app/media/icons/handshake.png]
[www.immoricon.com/storage/app/uploads/public/a08/77b/ebd/thumb__520_480_0_0_crop.jpg]
[www.immoricon.com/themes/immoricon/assets/images/home/numbers-section.jpg]
[www.immoricon.com/storage/app/media/icons/contract.png]
[www.immoricon.com/storage/app/media/icons/pathway.png]
[www.immoricon.com/storage/app/media/icons/laptop.png]
[www.immoricon.com/storage/app/media/icons/currency.png]
[www.immoricon.com/storage/app/media/icons/chart.png]
[www.immoricon.com/storage/app/media/homepage/contract.jpg]
[www.immoricon.com/storage/app/media/contact/Contact_us.jpg]
[www.immoricon.com/plugins/martin/forms/assets/imgs/upload.png]
[www.immoricon.com/storage/app/uploads/public/414/4dc/f39/thumb__1200_700_0_0_crop.png]
[www.immoricon.com/blog/post/product-sourcing-from-balkans.html]
[www.immoricon.com/blog/post/types-foam-used-sleeping-industry.html]
[www.immoricon.com/blog/post/how-choose-best-duvets-your-business.html]
[www.immoricon.com/blog/post/together-we-move-towards-sustainability-success.html]
[www.immoricon.com/themes/immoricon/assets/images/location.png]
[www.immoricon.com/themes/immoricon/assets/images/mail.png]
[www.immoricon.com/themes/immoricon/assets/images/phone.png]
[www.immoricon.com/privacy-policy.html]
[code.jquery.com/jquery-3.5.1.min.js]
[cdn.jsdelivr.net/npm/bootstrap@5.0.0-beta1/dist/js/bootstrap.bundle.min.js]
[www.immoricon.com/themes/immoricon/assets/vendor/wow.min.js]
[www.immoricon.com/themes/immoricon/assets/js/main.js]
[www.immoricon.com/modules/system/assets/js/framework.js]
[www.immoricon.com/modules/system/assets/js/framework.extras.js]
[www.immoricon.com/modules/system/assets/css/framework.extras.css]
[www.immoricon.com/plugins/martin/forms/assets/js/inline-errors.js]
[www.immoricon.com/plugins/martin/forms/assets/vendor/dropzone/dropzone.js]
[www.immoricon.com/plugins/martin/forms/assets/js/uploader.js]
[www.immoricon.com/index.html]
[cdn.jsdelivr.net/npm/bootstrap@5.0.0-beta1/dist/css/bootstrap.min.css]
[maxst.icons8.com/vue-static/landings/line-awesome/line-awesome/1.3.0/css/line-awesome.min.css]
[cdnjs.cloudflare.com/ajax/libs/animate.css/4.1.1/animate.min.css]
[www.immoricon.com/combine/1d01ece5cb6c0e55f9d3761f4a01c8fd-1630702972.css]
[cdn.jsdelivr.net/npm/slick-carousel@1.8.1/slick/slick.min.js]
[www.immoricon.com/modules/system/assets/ui/images/loader-transparent.svg]
[www.immoricon.com/plugins/martin/forms/assets/css/uploader.css]
[cdn.jsdelivr.net/npm/slick-carousel@1.8.1/slick/slick.css]
[www.immoricon.com/storage/app/media/about/banner_new.jpg]
[www.immoricon.com/storage/app/uploads/public/694/c40/22e/thumb__660_0_0_0_crop.jpg]
[www.immoricon.com/storage/app/uploads/public/7f0/5dc/818/thumb__660_0_0_0_crop.jpg]
[www.immoricon.com/about-us.html]
[www.immoricon.com/storage/app/media/services/banner.jpg]
[www.immoricon.com/storage/app/uploads/public/1da/e10/48b/thumb__700_400_0_0_crop.jpg]
[www.immoricon.com/storage/app/uploads/public/aa8/16f/65b/thumb__700_400_0_0_crop.jpg]
[www.immoricon.com/storage/app/uploads/public/9fe/f80/11f/thumb__700_400_0_0_crop.jpg]
[www.immoricon.com/storage/app/uploads/public/443/136/425/thumb__700_400_0_0_crop.jpg]
[www.immoricon.com/storage/app/uploads/public/4ab/38b/a9d/thumb__700_400_0_0_crop.jpg]
[www.immoricon.com/storage/app/uploads/public/1bc/e53/6b4/thumb__700_400_0_0_crop.jpg]
[www.immoricon.com/storage/app/uploads/public/a08/bfa/f9c/thumb__700_400_0_0_crop.jpg]
[www.immoricon.com/storage/app/uploads/public/ff8/4d4/1c8/thumb__700_400_0_0_crop.jpg]
[www.immoricon.com/storage/app/uploads/public/54d/426/351/thumb__700_400_0_0_crop.jpg]
[www.immoricon.com/storage/app/uploads/public/0f0/0bb/6e5/thumb__700_400_0_0_crop.jpg]
[www.immoricon.com/storage/app/uploads/public/ff3/74b/363/thumb__700_400_0_0_crop.jpg]
[www.immoricon.com/storage/app/uploads/public/d3e/11c/01b/thumb__700_400_0_0_crop.jpg]
[www.immoricon.com/storage/app/uploads/public/40c/3af/417/thumb__700_400_0_0_crop.jpg]
[www.immoricon.com/storage/app/uploads/public/a82/95d/0ac/thumb__700_400_0_0_crop.jpg]
[www.immoricon.com/storage/app/uploads/public/22e/91c/895/thumb__700_400_0_0_crop.jpg]
[www.immoricon.com/storage/app/uploads/public/b80/fe0/604/thumb__700_400_0_0_crop.jpg]
[www.immoricon.com/storage/app/uploads/public/517/fe4/1f2/thumb__700_400_0_0_crop.jpg]
[www.immoricon.com/services.html]
[www.immoricon.com/storage/app/media/news/banner.jpg]
[www.immoricon.com/storage/app/uploads/public/414/4dc/f39/thumb__270_270_0_0_crop.png]
[www.immoricon.com/storage/app/uploads/public/414/4dc/f39/thumb__500_300_0_0_crop.png]
[www.immoricon.com/storage/app/uploads/public/972/3d7/d28/thumb__270_270_0_0_crop.jpg]
[www.immoricon.com/storage/app/uploads/public/972/3d7/d28/thumb__500_300_0_0_crop.jpg]
[www.immoricon.com/storage/app/uploads/public/f5c/029/7bc/thumb__270_270_0_0_crop.jpg]
[www.immoricon.com/storage/app/uploads/public/f5c/029/7bc/thumb__500_300_0_0_crop.jpg]
[www.immoricon.com/storage/app/uploads/public/3f9/2ff/b89/thumb__270_270_0_0_crop.jpg]
[www.immoricon.com/storage/app/uploads/public/3f9/2ff/b89/thumb__500_300_0_0_crop.jpg]
[www.immoricon.com/blog/post/our-new-product-range-mattress-components.html]
[www.immoricon.com/storage/app/uploads/public/563/bfe/553/thumb__270_270_0_0_crop.jpg]
[www.immoricon.com/storage/app/uploads/public/563/bfe/553/thumb__500_300_0_0_crop.jpg]
[www.immoricon.com/blog/post/south-east-europe-the-serious-sourcing-alternative-that-we-should-all-consider.html]
[www.immoricon.com/storage/app/uploads/public/b73/eee/386/thumb__270_270_0_0_crop.webp]
[www.immoricon.com/storage/app/uploads/public/b73/eee/386/thumb__500_300_0_0_crop.webp]
[www.immoricon.com/blog/post/merchants-tale.html]
[www.immoricon.com/storage/app/uploads/public/bd4/990/563/thumb__270_270_0_0_crop.jpg]
[www.immoricon.com/storage/app/uploads/public/bd4/990/563/thumb__500_300_0_0_crop.jpg]
[www.immoricon.com/blog/post/one-stop-product-sourcing-services-your-business.html]
[www.immoricon.com/storage/app/uploads/public/f6b/c2d/898/thumb__270_270_0_0_crop.jpg]
[www.immoricon.com/storage/app/uploads/public/f6b/c2d/898/thumb__500_300_0_0_crop.jpg]
[www.immoricon.com/blog/post/lets-spread-solidarity.html]
[www.immoricon.com/storage/app/uploads/public/d81/245/e25/thumb__270_270_0_0_crop.jpg]
[www.immoricon.com/storage/app/uploads/public/d81/245/e25/thumb__500_300_0_0_crop.jpg]
[www.immoricon.com/blog/post/growing-your-business-together.html]
[www.immoricon.com/storage/app/uploads/public/fef/e6d/8e7/thumb__270_270_0_0_crop.jpg]
[www.immoricon.com/storage/app/uploads/public/fef/e6d/8e7/thumb__500_300_0_0_crop.jpg]
[www.immoricon.com/news4658.html]
[www.immoricon.com/news.html]
[www.immoricon.com/themes/immoricon/assets/images/mail-blue.png]
[www.immoricon.com/themes/immoricon/assets/images/phone-blue.png]
[www.immoricon.com/contact.html]
[www.immoricon.com/storage/app/uploads/public/643/67e/9d2/64367e9d29104196448148.png]
[www.immoricon.com/storage/app/media/news/Balkan_region.png]
[www.immoricon.com/storage/app/media/news/Transport.png]
[www.immoricon.com/storage/app/uploads/public/972/3d7/d28/thumb__330_330_0_0_crop.jpg]
[www.immoricon.com/storage/app/uploads/public/f5c/029/7bc/thumb__330_330_0_0_crop.jpg]
[www.immoricon.com/blog/post/product-sourcing-from-balkans.html]
[www.immoricon.com/storage/app/uploads/public/643/66f/9be/64366f9bead08313395826.jpg]
[immoricon.com/storage/app/media/Latex topper.jpg]
[immoricon.com/storage/app/media/Egg shell convoluted memory topper.jpg]
[www.immoricon.com/storage/app/uploads/public/414/4dc/f39/thumb__330_330_0_0_crop.png]
[www.immoricon.com/blog/post/types-foam-used-sleeping-industry.html]
[www.immoricon.com/storage/app/uploads/public/639/c71/2d7/639c712d73273370031481.jpg]
[immoricon.com/storage/app/media/printed duvet immoricon.jpg]
[immoricon.com/storage/app/media/Immoricon paper packaging.jpg]
[www.immoricon.com/blog/post/how-choose-best-duvets-your-business.html]
[www.immoricon.com/storage/app/uploads/public/637/77f/c62/63777fc627ca4778492303.jpg]
[immoricon.com/storage/app/media/paper-bag-packaging-immoricon-1.jpg]
[www.immoricon.com/blog/post/together-we-move-towards-sustainability-success.html]
[www.immoricon.com/privacy-policy.html]
[www.immoricon.com/modules/system/assets/css/framework.extras.css]
[www.immoricon.com/modules/system/assets/ui/images/loader-transparent.svg]
[www.immoricon.com/storage/app/uploads/public/636/52a/8c0/63652a8c02475018337548.jpg]
[immoricon.com/storage/app/media/Immoricon Ranges - Mattress Components.jpg]
[www.immoricon.com/blog/post/our-new-product-range-mattress-components.html]
[www.immoricon.com/storage/app/uploads/public/62f/109/eea/62f109eeadb14304169400.webp]
[immoricon.com/storage/app/media/Europe vs China.jpg]
[immoricon.com/storage/app/media/Balkans business opportunities.png]
[immoricon.com/storage/app/media/The Time Value of Money.jpg]
[immoricon.com/storage/app/media/Global Situation.jpg]
[www.immoricon.com/blog/post/south-east-europe-the-serious-sourcing-alternative-that-we-should-all-consider.html]
[www.immoricon.com/storage/app/uploads/public/628/779/4c2/6287794c2d3a0861249036.jpg]
[immoricon.com/storage/app/media/decline brings new opportunities_immoricon.jpg]
[immoricon.com/storage/app/media/Create new supply opportunities_immoricon.jpg]
[www.immoricon.com/blog/post/merchants-tale.html]
[www.immoricon.com/storage/app/uploads/public/626/068/064/6260680645fa2121655026.jpg]
[immoricon.com/storage/app/media/connecting the parts in sourcing_immoricon.jpg]
[www.immoricon.com/blog/post/one-stop-product-sourcing-services-your-business.html]
[www.immoricon.com/storage/app/uploads/public/623/dc3/8a5/623dc38a5265b995687471.jpg]
[immoricon.com/storage/app/media/immoricon solidarity.jpg]
[www.immoricon.com/blog/post/lets-spread-solidarity.html]
[www.immoricon.com/storage/app/uploads/public/620/660/e9a/620660e9ac79a877628130.jpg]
[immoricon.com/storage/app/media/stacking-wooden-blocks-is-risk-creating-business-growth-ideas.jpg]
[www.immoricon.com/blog/post/growing-your-business-together.html]
[www.immoricon.com/blog/post/spreading-christmas-spirit.html]
[www.immoricon.com/storage/app/uploads/public/b31/4a6/c01/thumb__270_270_0_0_crop.jpg]
[www.immoricon.com/storage/app/uploads/public/b31/4a6/c01/thumb__500_300_0_0_crop.jpg]
[www.immoricon.com/blog/post/happy-holiday-season.html]
[www.immoricon.com/storage/app/uploads/public/aca/c7d/b14/thumb__270_270_0_0_crop.jpg]
[www.immoricon.com/storage/app/uploads/public/aca/c7d/b14/thumb__500_300_0_0_crop.jpg]
[www.immoricon.com/blog/post/home-textile-product-range.html]
[www.immoricon.com/storage/app/uploads/public/074/b03/5ba/thumb__270_270_0_0_crop.jpg]
[www.immoricon.com/storage/app/uploads/public/074/b03/5ba/thumb__500_300_0_0_crop.jpg]
[www.immoricon.com/blog/post/increase-your-fitness-improve-your-business.html]
[www.immoricon.com/storage/app/uploads/public/564/1a8/7eb/thumb__270_270_0_0_crop.jpg]
[www.immoricon.com/storage/app/uploads/public/564/1a8/7eb/thumb__500_300_0_0_crop.jpg]
[www.immoricon.com/blog/post/importance-walking-extra-mile.html]
[www.immoricon.com/storage/app/uploads/public/1ff/3e6/f93/thumb__270_270_0_0_crop.jpg]
[www.immoricon.com/storage/app/uploads/public/1ff/3e6/f93/thumb__500_300_0_0_crop.jpg]
[www.immoricon.com/blog/post/what-sucessful-companies-know-about-strategic-sourcing-we-can-tell-you.html]
[www.immoricon.com/storage/app/uploads/public/369/eb5/71e/thumb__270_270_0_0_crop.webp]
[www.immoricon.com/storage/app/uploads/public/369/eb5/71e/thumb__500_300_0_0_crop.webp]
[www.immoricon.com/blog/post/environmentally-friendly-packaging.html]
[www.immoricon.com/storage/app/uploads/public/24a/4a3/698/thumb__270_270_0_0_crop.jpg]
[www.immoricon.com/storage/app/uploads/public/24a/4a3/698/thumb__500_300_0_0_crop.jpg]
[www.immoricon.com/blog/post/product-development-in-simple-steps.html]
[www.immoricon.com/storage/app/uploads/public/17a/628/c65/thumb__270_270_0_0_crop.jpg]
[www.immoricon.com/storage/app/uploads/public/17a/628/c65/thumb__500_300_0_0_crop.jpg]
[www.immoricon.com/blog/post/Alternative-sourcing-solutions.html]
[www.immoricon.com/storage/app/uploads/public/bfd/fcf/8fc/thumb__270_270_0_0_crop.jpg]
[www.immoricon.com/storage/app/uploads/public/bfd/fcf/8fc/thumb__500_300_0_0_crop.jpg]
[www.immoricon.com/blog/post/immoricon-helps-ones-in-need.html]
[www.immoricon.com/storage/app/uploads/public/7f6/516/290/thumb__270_270_0_0_crop.jpg]
[www.immoricon.com/storage/app/uploads/public/7f6/516/290/thumb__500_300_0_0_crop.jpg]
[www.immoricon.com/news2679.html]
[www.immoricon.com/news4658.html]
[connect.facebook.net/en_US/sdk/xfbml.customerchat.html]
[www.immoricon.com/storage/app/uploads/public/61c/db7/fd0/61cdb7fd07d80254037696.jpg]
[immoricon.com/storage/app/media/Immoricon donation 1.jpg]
[immoricon.com/storage/app/media/Immoricon donation team.jpg]
[immoricon.com/storage/app/media/Immoricon donation 3-min.jpg]
[www.immoricon.com/blog/post/spreading-christmas-spirit.html]
[www.immoricon.com/storage/app/uploads/public/61c/5af/415/61c5af415e4bd228188799.jpg]
[immoricon.com/storage/app/media/Immoricon happy holidays.jpg]
[www.immoricon.com/blog/post/happy-holiday-season.html]
[www.immoricon.com/storage/app/uploads/public/61b/ca1/14e/61bca114e07c5699465222.jpg]
[immoricon.com/storage/app/media/Product ranges.jpg]
[www.immoricon.com/blog/post/home-textile-product-range.html]
[www.immoricon.com/storage/app/uploads/public/61a/dd0/318/61add031803d8724531986.jpg]
[immoricon.com/storage/app/media/Team photo Immoricon sport.jpg]
[www.immoricon.com/blog/post/increase-your-fitness-improve-your-business.html]
[www.immoricon.com/storage/app/uploads/public/618/e75/1fb/618e751fbd77b950534777.jpg]
[immoricon.com/storage/app/media/Extra-mile-Immoricon.jpg]
[www.immoricon.com/blog/post/importance-walking-extra-mile.html]
[www.immoricon.com/storage/app/uploads/public/614/44c/995/61444c995fb6d697994781.webp]
[immoricon.com/storage/app/media/Procurement purchasing.jpg]
[www.immoricon.com/blog/post/what-sucessful-companies-know-about-strategic-sourcing-we-can-tell-you.html]
[www.immoricon.com/storage/app/uploads/public/613/b70/436/613b704365e3c678798023.jpg]
[immoricon.com/storage/app/media/Nature and us.jpg]
[immoricon.com/storage/app/media/Eco-friendly-packaging.jpg]
[www.immoricon.com/blog/post/environmentally-friendly-packaging.html]
[www.immoricon.com/storage/app/uploads/public/613/1d0/1a0/6131d01a03c34300240418.jpg]
[immoricon.com/storage/app/media/news/blog-posts/news-3-image.jpg]
[immoricon.com/storage/app/media/news/blog-posts/17831.jpg]
[immoricon.com/storage/app/media/news/blog-posts/11_Success-1.jpg]
[www.immoricon.com/blog/post/product-development-in-simple-steps.html]
[www.immoricon.com/storage/app/uploads/public/611/0ee/7c3/6110ee7c3f8da503621153.jpg]
[immoricon.com/storage/app/media/news/blog-posts/evergiven - boat - blogpost.jpg]
[immoricon.com/storage/app/media/news/blog-posts/slika-2.jpg]
[www.immoricon.com/blog/post/Alternative-sourcing-solutions.html]
[www.immoricon.com/storage/app/uploads/public/607/d82/d74/607d82d74c14b174469956.jpg]
[immoricon.com/storage/app/uploads/public/607/d83/68a/607d8368a91f5677482694.png]
[www.immoricon.com/blog/post/immoricon-helps-ones-in-need.html]
[www.immoricon.com/news2679.html]
